{"contracts/EndorseERC721.sol":{"l":{"35":71,"36":71,"37":71,"38":71,"42":0,"46":0,"50":0,"54":0,"58":0,"62":2,"63":1,"64":1,"68":22,"69":22,"73":1,"77":3,"84":13,"85":12,"86":12,"88":11,"89":11,"90":11,"92":11,"93":11,"94":11,"98":2,"99":2,"107":1,"115":1,"124":1},"path":"/Users/jarno/Projects/nft-share-platform-contracts/contracts/EndorseERC721.sol","s":{"1":71,"2":71,"3":71,"4":71,"5":0,"6":0,"7":0,"8":0,"9":0,"10":2,"11":1,"12":1,"13":22,"14":22,"15":1,"16":3,"17":13,"18":12,"19":12,"20":11,"21":11,"22":11,"23":11,"24":11,"25":2,"26":2,"27":1,"28":1,"29":1},"b":{"1":[1,1],"2":[12,1],"3":[12,0],"4":[11,1]},"f":{"1":71,"2":0,"3":0,"4":0,"5":0,"6":0,"7":2,"8":22,"9":1,"10":3,"11":13,"12":2,"13":1,"14":1,"15":1},"fnMap":{"1":{"name":"initialize","line":34,"loc":{"start":{"line":34,"column":2},"end":{"line":39,"column":2}}},"2":{"name":"addOperator","line":41,"loc":{"start":{"line":41,"column":2},"end":{"line":43,"column":2}}},"3":{"name":"removeOperator","line":45,"loc":{"start":{"line":45,"column":2},"end":{"line":47,"column":2}}},"4":{"name":"addAdmin","line":49,"loc":{"start":{"line":49,"column":2},"end":{"line":51,"column":2}}},"5":{"name":"removeAdmin","line":53,"loc":{"start":{"line":53,"column":2},"end":{"line":55,"column":2}}},"6":{"name":"supportsInterface","line":57,"loc":{"start":{"line":57,"column":2},"end":{"line":59,"column":2}}},"7":{"name":"burn","line":61,"loc":{"start":{"line":61,"column":2},"end":{"line":65,"column":2}}},"8":{"name":"setProjectAddress","line":67,"loc":{"start":{"line":67,"column":2},"end":{"line":70,"column":2}}},"9":{"name":"getProjectAddress","line":72,"loc":{"start":{"line":72,"column":2},"end":{"line":74,"column":2}}},"10":{"name":"hasEndorsedContribution","line":76,"loc":{"start":{"line":76,"column":2},"end":{"line":78,"column":2}}},"11":{"name":"mint","line":80,"loc":{"start":{"line":80,"column":2},"end":{"line":95,"column":2}}},"12":{"name":"tokenURI","line":97,"loc":{"start":{"line":97,"column":2},"end":{"line":100,"column":2}}},"13":{"name":"transferFrom","line":102,"loc":{"start":{"line":102,"column":2},"end":{"line":108,"column":2}}},"14":{"name":"safeTransferFrom","line":110,"loc":{"start":{"line":110,"column":2},"end":{"line":116,"column":2}}},"15":{"name":"safeTransferFrom","line":118,"loc":{"start":{"line":118,"column":2},"end":{"line":125,"column":2}}}},"statementMap":{"1":{"start":{"line":35,"column":4},"end":{"line":35,"column":32}},"2":{"start":{"line":36,"column":4},"end":{"line":36,"column":29}},"3":{"start":{"line":37,"column":4},"end":{"line":37,"column":41}},"4":{"start":{"line":38,"column":4},"end":{"line":38,"column":36}},"5":{"start":{"line":42,"column":6},"end":{"line":42,"column":43}},"6":{"start":{"line":46,"column":6},"end":{"line":46,"column":41}},"7":{"start":{"line":50,"column":6},"end":{"line":50,"column":45}},"8":{"start":{"line":54,"column":6},"end":{"line":54,"column":43}},"9":{"start":{"line":58,"column":4},"end":{"line":58,"column":47}},"10":{"start":{"line":62,"column":4},"end":{"line":62,"column":90}},"11":{"start":{"line":63,"column":4},"end":{"line":63,"column":17}},"12":{"start":{"line":64,"column":4},"end":{"line":64,"column":57}},"13":{"start":{"line":68,"column":4},"end":{"line":68,"column":50}},"14":{"start":{"line":69,"column":4},"end":{"line":69,"column":42}},"15":{"start":{"line":73,"column":4},"end":{"line":73,"column":42}},"16":{"start":{"line":77,"column":4},"end":{"line":77,"column":75}},"17":{"start":{"line":84,"column":4},"end":{"line":84,"column":99}},"18":{"start":{"line":85,"column":4},"end":{"line":85,"column":130}},"19":{"start":{"line":86,"column":4},"end":{"line":86,"column":121}},"20":{"start":{"line":88,"column":4},"end":{"line":88,"column":35}},"21":{"start":{"line":89,"column":4},"end":{"line":89,"column":68}},"22":{"start":{"line":90,"column":4},"end":{"line":90,"column":64}},"23":{"start":{"line":92,"column":4},"end":{"line":92,"column":75}},"24":{"start":{"line":93,"column":4},"end":{"line":93,"column":75}},"25":{"start":{"line":98,"column":4},"end":{"line":98,"column":75}},"26":{"start":{"line":99,"column":4},"end":{"line":99,"column":64}},"27":{"start":{"line":107,"column":8},"end":{"line":107,"column":45}},"28":{"start":{"line":115,"column":8},"end":{"line":115,"column":45}},"29":{"start":{"line":124,"column":8},"end":{"line":124,"column":45}}},"branchMap":{"1":{"line":62,"type":"if","locations":[{"start":{"line":62,"column":4},"end":{"line":62,"column":4}},{"start":{"line":62,"column":4},"end":{"line":62,"column":4}}]},"2":{"line":84,"type":"if","locations":[{"start":{"line":84,"column":4},"end":{"line":84,"column":4}},{"start":{"line":84,"column":4},"end":{"line":84,"column":4}}]},"3":{"line":85,"type":"if","locations":[{"start":{"line":85,"column":4},"end":{"line":85,"column":4}},{"start":{"line":85,"column":4},"end":{"line":85,"column":4}}]},"4":{"line":86,"type":"if","locations":[{"start":{"line":86,"column":4},"end":{"line":86,"column":4}},{"start":{"line":86,"column":4},"end":{"line":86,"column":4}}]}}},"contracts/EndorseTokenBeacon.sol":{"l":{"19":27,"20":27,"21":27,"25":1,"26":1,"30":2},"path":"/Users/jarno/Projects/nft-share-platform-contracts/contracts/EndorseTokenBeacon.sol","s":{"1":27,"2":27,"3":27,"4":1,"5":1,"6":2},"b":{},"f":{"1":27,"2":1,"3":2},"fnMap":{"1":{"name":"constructor","line":18,"loc":{"start":{"line":18,"column":2},"end":{"line":22,"column":2}}},"2":{"name":"update","line":24,"loc":{"start":{"line":24,"column":2},"end":{"line":27,"column":2}}},"3":{"name":"implementation","line":29,"loc":{"start":{"line":29,"column":2},"end":{"line":31,"column":2}}}},"statementMap":{"1":{"start":{"line":19,"column":4},"end":{"line":19,"column":73}},"2":{"start":{"line":20,"column":4},"end":{"line":20,"column":57}},"3":{"start":{"line":21,"column":4},"end":{"line":21,"column":28}},"4":{"start":{"line":25,"column":4},"end":{"line":25,"column":59}},"5":{"start":{"line":26,"column":4},"end":{"line":26,"column":57}},"6":{"start":{"line":30,"column":4},"end":{"line":30,"column":46}}},"branchMap":{}},"contracts/Helpers.sol":{"l":{},"path":"/Users/jarno/Projects/nft-share-platform-contracts/contracts/Helpers.sol","s":{},"b":{},"f":{},"fnMap":{},"statementMap":{},"branchMap":{}},"contracts/LikeERC721.sol":{"l":{"25":1,"39":72,"40":72,"41":72,"42":72,"46":0,"50":0,"54":0,"58":0,"62":0,"66":23,"67":23,"71":2,"75":3,"79":2,"80":1,"81":1,"88":14,"89":13,"91":12,"92":12,"93":12,"95":12,"96":12,"97":12,"101":2,"103":2,"111":1,"119":1,"128":1},"path":"/Users/jarno/Projects/nft-share-platform-contracts/contracts/LikeERC721.sol","s":{"1":1,"2":72,"3":72,"4":72,"5":72,"6":0,"7":0,"8":0,"9":0,"10":0,"11":23,"12":23,"13":2,"14":3,"15":2,"16":1,"17":1,"18":14,"19":13,"20":12,"21":12,"22":12,"23":12,"24":12,"25":2,"26":2,"27":1,"28":1,"29":1},"b":{"1":[1,1],"2":[13,1],"3":[12,1]},"f":{"1":1,"2":72,"3":0,"4":0,"5":0,"6":0,"7":0,"8":23,"9":2,"10":3,"11":2,"12":14,"13":2,"14":1,"15":1,"16":1},"fnMap":{"1":{"name":"getIndex","line":24,"loc":{"start":{"line":24,"column":2},"end":{"line":26,"column":2}}},"2":{"name":"initialize","line":38,"loc":{"start":{"line":38,"column":2},"end":{"line":43,"column":4}}},"3":{"name":"addOperator","line":45,"loc":{"start":{"line":45,"column":2},"end":{"line":47,"column":2}}},"4":{"name":"removeOperator","line":49,"loc":{"start":{"line":49,"column":2},"end":{"line":51,"column":2}}},"5":{"name":"addAdmin","line":53,"loc":{"start":{"line":53,"column":2},"end":{"line":55,"column":2}}},"6":{"name":"removeAdmin","line":57,"loc":{"start":{"line":57,"column":2},"end":{"line":59,"column":2}}},"7":{"name":"supportsInterface","line":61,"loc":{"start":{"line":61,"column":2},"end":{"line":63,"column":2}}},"8":{"name":"setProjectAddress","line":65,"loc":{"start":{"line":65,"column":2},"end":{"line":68,"column":2}}},"9":{"name":"getProjectAddress","line":70,"loc":{"start":{"line":70,"column":2},"end":{"line":72,"column":2}}},"10":{"name":"hasLikedContribution","line":74,"loc":{"start":{"line":74,"column":2},"end":{"line":76,"column":2}}},"11":{"name":"burn","line":78,"loc":{"start":{"line":78,"column":2},"end":{"line":82,"column":2}}},"12":{"name":"mint","line":84,"loc":{"start":{"line":84,"column":2},"end":{"line":98,"column":2}}},"13":{"name":"tokenURI","line":100,"loc":{"start":{"line":100,"column":2},"end":{"line":104,"column":2}}},"14":{"name":"transferFrom","line":106,"loc":{"start":{"line":106,"column":2},"end":{"line":112,"column":2}}},"15":{"name":"safeTransferFrom","line":114,"loc":{"start":{"line":114,"column":2},"end":{"line":120,"column":2}}},"16":{"name":"safeTransferFrom","line":122,"loc":{"start":{"line":122,"column":2},"end":{"line":129,"column":2}}}},"statementMap":{"1":{"start":{"line":25,"column":4},"end":{"line":25,"column":24}},"2":{"start":{"line":39,"column":8},"end":{"line":39,"column":36}},"3":{"start":{"line":40,"column":8},"end":{"line":40,"column":33}},"4":{"start":{"line":41,"column":8},"end":{"line":41,"column":45}},"5":{"start":{"line":42,"column":8},"end":{"line":42,"column":40}},"6":{"start":{"line":46,"column":6},"end":{"line":46,"column":43}},"7":{"start":{"line":50,"column":6},"end":{"line":50,"column":41}},"8":{"start":{"line":54,"column":6},"end":{"line":54,"column":45}},"9":{"start":{"line":58,"column":6},"end":{"line":58,"column":43}},"10":{"start":{"line":62,"column":4},"end":{"line":62,"column":47}},"11":{"start":{"line":66,"column":4},"end":{"line":66,"column":50}},"12":{"start":{"line":67,"column":4},"end":{"line":67,"column":42}},"13":{"start":{"line":71,"column":4},"end":{"line":71,"column":42}},"14":{"start":{"line":75,"column":4},"end":{"line":75,"column":60}},"15":{"start":{"line":79,"column":4},"end":{"line":79,"column":90}},"16":{"start":{"line":80,"column":4},"end":{"line":80,"column":17}},"17":{"start":{"line":81,"column":4},"end":{"line":81,"column":50}},"18":{"start":{"line":88,"column":4},"end":{"line":88,"column":99}},"19":{"start":{"line":89,"column":4},"end":{"line":89,"column":111}},"20":{"start":{"line":91,"column":4},"end":{"line":91,"column":35}},"21":{"start":{"line":92,"column":4},"end":{"line":92,"column":61}},"22":{"start":{"line":93,"column":4},"end":{"line":93,"column":61}},"23":{"start":{"line":95,"column":4},"end":{"line":95,"column":75}},"24":{"start":{"line":96,"column":4},"end":{"line":96,"column":72}},"25":{"start":{"line":101,"column":4},"end":{"line":101,"column":69}},"26":{"start":{"line":103,"column":4},"end":{"line":103,"column":64}},"27":{"start":{"line":111,"column":8},"end":{"line":111,"column":45}},"28":{"start":{"line":119,"column":8},"end":{"line":119,"column":45}},"29":{"start":{"line":128,"column":8},"end":{"line":128,"column":45}}},"branchMap":{"1":{"line":79,"type":"if","locations":[{"start":{"line":79,"column":4},"end":{"line":79,"column":4}},{"start":{"line":79,"column":4},"end":{"line":79,"column":4}}]},"2":{"line":88,"type":"if","locations":[{"start":{"line":88,"column":4},"end":{"line":88,"column":4}},{"start":{"line":88,"column":4},"end":{"line":88,"column":4}}]},"3":{"line":89,"type":"if","locations":[{"start":{"line":89,"column":4},"end":{"line":89,"column":4}},{"start":{"line":89,"column":4},"end":{"line":89,"column":4}}]}}},"contracts/LikeTokenBeacon.sol":{"l":{"20":27,"21":27,"22":27,"26":1,"27":1,"31":8},"path":"/Users/jarno/Projects/nft-share-platform-contracts/contracts/LikeTokenBeacon.sol","s":{"1":27,"2":27,"3":27,"4":1,"5":1,"6":8},"b":{},"f":{"1":27,"2":1,"3":8},"fnMap":{"1":{"name":"constructor","line":19,"loc":{"start":{"line":19,"column":2},"end":{"line":23,"column":2}}},"2":{"name":"update","line":25,"loc":{"start":{"line":25,"column":2},"end":{"line":28,"column":2}}},"3":{"name":"implementation","line":30,"loc":{"start":{"line":30,"column":2},"end":{"line":32,"column":2}}}},"statementMap":{"1":{"start":{"line":20,"column":4},"end":{"line":20,"column":67}},"2":{"start":{"line":21,"column":4},"end":{"line":21,"column":51}},"3":{"start":{"line":22,"column":4},"end":{"line":22,"column":28}},"4":{"start":{"line":26,"column":4},"end":{"line":26,"column":53}},"5":{"start":{"line":27,"column":4},"end":{"line":27,"column":51}},"6":{"start":{"line":31,"column":4},"end":{"line":31,"column":43}}},"branchMap":{}},"contracts/ShareableERC721.sol":{"l":{"21":0,"25":105,"26":105,"27":105,"28":105,"32":2,"36":1,"40":3,"44":1,"49":0,"63":52,"64":52,"65":52,"70":32,"71":32,"75":6,"80":3,"82":3,"84":3,"86":1,"88":1,"90":1,"98":1,"106":1,"115":1,"119":26},"path":"/Users/jarno/Projects/nft-share-platform-contracts/contracts/ShareableERC721.sol","s":{"1":0,"2":105,"3":105,"4":105,"5":105,"6":2,"7":1,"8":3,"9":1,"10":0,"11":52,"12":52,"13":32,"14":32,"15":6,"16":3,"17":3,"18":3,"19":1,"20":1,"21":1,"22":1,"23":1,"24":26},"b":{"1":[3,0],"2":[3,0],"3":[1,2]},"f":{"1":0,"2":105,"3":2,"4":1,"5":3,"6":1,"7":0,"8":52,"9":32,"10":6,"11":3,"12":1,"13":1,"14":1,"15":26},"fnMap":{"1":{"name":"getIndex","line":20,"loc":{"start":{"line":20,"column":4},"end":{"line":22,"column":4}}},"2":{"name":"initialize","line":24,"loc":{"start":{"line":24,"column":4},"end":{"line":29,"column":4}}},"3":{"name":"addOperator","line":31,"loc":{"start":{"line":31,"column":4},"end":{"line":33,"column":4}}},"4":{"name":"removeOperator","line":35,"loc":{"start":{"line":35,"column":4},"end":{"line":37,"column":4}}},"5":{"name":"addAdmin","line":39,"loc":{"start":{"line":39,"column":4},"end":{"line":41,"column":4}}},"6":{"name":"removeAdmin","line":43,"loc":{"start":{"line":43,"column":4},"end":{"line":45,"column":4}}},"7":{"name":"supportsInterface","line":48,"loc":{"start":{"line":48,"column":4},"end":{"line":50,"column":4}}},"8":{"name":"mint","line":62,"loc":{"start":{"line":60,"column":4},"end":{"line":66,"column":4}}},"9":{"name":"setBaseURI","line":68,"loc":{"start":{"line":68,"column":4},"end":{"line":72,"column":4}}},"10":{"name":"_baseURI","line":74,"loc":{"start":{"line":74,"column":4},"end":{"line":76,"column":4}}},"11":{"name":"share","line":79,"loc":{"start":{"line":79,"column":4},"end":{"line":91,"column":4}}},"12":{"name":"transferFrom","line":93,"loc":{"start":{"line":93,"column":4},"end":{"line":99,"column":4}}},"13":{"name":"safeTransferFrom","line":101,"loc":{"start":{"line":101,"column":4},"end":{"line":107,"column":4}}},"14":{"name":"safeTransferFrom","line":109,"loc":{"start":{"line":109,"column":4},"end":{"line":116,"column":4}}},"15":{"name":"tokenExists","line":118,"loc":{"start":{"line":118,"column":4},"end":{"line":120,"column":4}}}},"statementMap":{"1":{"start":{"line":21,"column":8},"end":{"line":21,"column":28}},"2":{"start":{"line":25,"column":8},"end":{"line":25,"column":36}},"3":{"start":{"line":26,"column":8},"end":{"line":26,"column":33}},"4":{"start":{"line":27,"column":8},"end":{"line":27,"column":45}},"5":{"start":{"line":28,"column":8},"end":{"line":28,"column":40}},"6":{"start":{"line":32,"column":8},"end":{"line":32,"column":45}},"7":{"start":{"line":36,"column":8},"end":{"line":36,"column":43}},"8":{"start":{"line":40,"column":8},"end":{"line":40,"column":47}},"9":{"start":{"line":44,"column":8},"end":{"line":44,"column":45}},"10":{"start":{"line":49,"column":8},"end":{"line":49,"column":51}},"11":{"start":{"line":63,"column":8},"end":{"line":63,"column":36}},"12":{"start":{"line":64,"column":8},"end":{"line":64,"column":53}},"13":{"start":{"line":70,"column":8},"end":{"line":70,"column":37}},"14":{"start":{"line":71,"column":8},"end":{"line":71,"column":96}},"15":{"start":{"line":75,"column":8},"end":{"line":75,"column":22}},"16":{"start":{"line":80,"column":6},"end":{"line":80,"column":66}},"17":{"start":{"line":82,"column":6},"end":{"line":82,"column":90}},"18":{"start":{"line":84,"column":6},"end":{"line":84,"column":98}},"19":{"start":{"line":86,"column":6},"end":{"line":86,"column":29}},"20":{"start":{"line":88,"column":6},"end":{"line":88,"column":66}},"21":{"start":{"line":98,"column":8},"end":{"line":98,"column":45}},"22":{"start":{"line":106,"column":8},"end":{"line":106,"column":45}},"23":{"start":{"line":115,"column":8},"end":{"line":115,"column":45}},"24":{"start":{"line":119,"column":8},"end":{"line":119,"column":31}}},"branchMap":{"1":{"line":80,"type":"if","locations":[{"start":{"line":80,"column":6},"end":{"line":80,"column":6}},{"start":{"line":80,"column":6},"end":{"line":80,"column":6}}]},"2":{"line":82,"type":"if","locations":[{"start":{"line":82,"column":6},"end":{"line":82,"column":6}},{"start":{"line":82,"column":6},"end":{"line":82,"column":6}}]},"3":{"line":84,"type":"if","locations":[{"start":{"line":84,"column":6},"end":{"line":84,"column":6}},{"start":{"line":84,"column":6},"end":{"line":84,"column":6}}]}}},"contracts/ShareableTokenBeacon.sol":{"l":{"25":27,"26":27,"27":27,"33":2,"34":2,"38":28},"path":"/Users/jarno/Projects/nft-share-platform-contracts/contracts/ShareableTokenBeacon.sol","s":{"1":27,"2":27,"3":27,"4":2,"5":2,"6":28},"b":{},"f":{"1":27,"2":2,"3":28},"fnMap":{"1":{"name":"constructor","line":23,"loc":{"start":{"line":23,"column":2},"end":{"line":29,"column":2}}},"2":{"name":"update","line":31,"loc":{"start":{"line":31,"column":2},"end":{"line":35,"column":2}}},"3":{"name":"implementation","line":37,"loc":{"start":{"line":37,"column":2},"end":{"line":39,"column":2}}}},"statementMap":{"1":{"start":{"line":25,"column":4},"end":{"line":25,"column":77}},"2":{"start":{"line":26,"column":4},"end":{"line":26,"column":61}},"3":{"start":{"line":27,"column":4},"end":{"line":27,"column":28}},"4":{"start":{"line":33,"column":4},"end":{"line":33,"column":63}},"5":{"start":{"line":34,"column":4},"end":{"line":34,"column":61}},"6":{"start":{"line":38,"column":4},"end":{"line":38,"column":48}}},"branchMap":{}},"contracts/TalkoFactory.sol":{"l":{"34":12,"35":12,"36":12,"40":1,"44":0,"48":0,"56":4,"60":4,"61":4,"62":4,"68":1,"72":1,"73":1,"74":1,"80":0,"84":0,"85":0,"86":0},"path":"/Users/jarno/Projects/nft-share-platform-contracts/contracts/TalkoFactory.sol","s":{"1":12,"2":12,"3":12,"4":1,"5":0,"6":0,"7":4,"8":4,"9":4,"10":4,"11":1,"12":1,"13":1,"14":1,"15":0,"16":0,"17":0,"18":0},"b":{},"f":{"1":12,"2":1,"3":0,"4":0,"5":4,"6":1,"7":0},"fnMap":{"1":{"name":"constructor","line":32,"loc":{"start":{"line":32,"column":2},"end":{"line":37,"column":2}}},"2":{"name":"SBeaconAddress","line":39,"loc":{"start":{"line":39,"column":2},"end":{"line":41,"column":2}}},"3":{"name":"LBeaconAddress","line":43,"loc":{"start":{"line":43,"column":2},"end":{"line":45,"column":2}}},"4":{"name":"EBeaconAddress","line":47,"loc":{"start":{"line":47,"column":2},"end":{"line":49,"column":2}}},"5":{"name":"createSProxy","line":53,"loc":{"start":{"line":53,"column":2},"end":{"line":63,"column":2}}},"6":{"name":"createLProxy","line":65,"loc":{"start":{"line":65,"column":2},"end":{"line":75,"column":2}}},"7":{"name":"createEProxy","line":77,"loc":{"start":{"line":77,"column":2},"end":{"line":87,"column":2}}}},"statementMap":{"1":{"start":{"line":34,"column":4},"end":{"line":34,"column":80}},"2":{"start":{"line":35,"column":4},"end":{"line":35,"column":70}},"3":{"start":{"line":36,"column":4},"end":{"line":36,"column":76}},"4":{"start":{"line":40,"column":4},"end":{"line":40,"column":28}},"5":{"start":{"line":44,"column":4},"end":{"line":44,"column":28}},"6":{"start":{"line":48,"column":4},"end":{"line":48,"column":28}},"7":{"start":{"line":56,"column":4},"end":{"line":56,"column":2208}},"8":{"start":{"line":60,"column":4},"end":{"line":60,"column":47}},"9":{"start":{"line":61,"column":4},"end":{"line":61,"column":59}},"10":{"start":{"line":62,"column":4},"end":{"line":62,"column":25}},"11":{"start":{"line":68,"column":4},"end":{"line":68,"column":2745}},"12":{"start":{"line":72,"column":4},"end":{"line":72,"column":42}},"13":{"start":{"line":73,"column":4},"end":{"line":73,"column":59}},"14":{"start":{"line":74,"column":4},"end":{"line":74,"column":25}},"15":{"start":{"line":80,"column":4},"end":{"line":80,"column":3272}},"16":{"start":{"line":84,"column":4},"end":{"line":84,"column":45}},"17":{"start":{"line":85,"column":4},"end":{"line":85,"column":59}},"18":{"start":{"line":86,"column":4},"end":{"line":86,"column":25}}},"branchMap":{}}}