TN:
SF:/Users/jarno/Projects/nft-share-platform-contracts/contracts/EndorseERC721.sol
FN:34,initialize
FN:41,addOperator
FN:45,removeOperator
FN:49,addAdmin
FN:53,removeAdmin
FN:57,supportsInterface
FN:61,burn
FN:67,setProjectAddress
FN:72,getProjectAddress
FN:76,hasEndorsedContribution
FN:80,mint
FN:97,tokenURI
FN:102,transferFrom
FN:110,safeTransferFrom
FN:118,safeTransferFrom
FNF:15
FNH:10
FNDA:71,initialize
FNDA:0,addOperator
FNDA:0,removeOperator
FNDA:0,addAdmin
FNDA:0,removeAdmin
FNDA:0,supportsInterface
FNDA:2,burn
FNDA:22,setProjectAddress
FNDA:1,getProjectAddress
FNDA:3,hasEndorsedContribution
FNDA:13,mint
FNDA:2,tokenURI
FNDA:1,transferFrom
FNDA:1,safeTransferFrom
FNDA:1,safeTransferFrom
DA:35,71
DA:36,71
DA:37,71
DA:38,71
DA:42,0
DA:46,0
DA:50,0
DA:54,0
DA:58,0
DA:62,2
DA:63,1
DA:64,1
DA:68,22
DA:69,22
DA:73,1
DA:77,3
DA:84,13
DA:85,12
DA:86,12
DA:88,11
DA:89,11
DA:90,11
DA:92,11
DA:93,11
DA:94,11
DA:98,2
DA:99,2
DA:107,1
DA:115,1
DA:124,1
LF:30
LH:25
BRDA:62,1,0,1
BRDA:62,1,1,1
BRDA:84,2,0,12
BRDA:84,2,1,1
BRDA:85,3,0,12
BRDA:85,3,1,0
BRDA:86,4,0,11
BRDA:86,4,1,1
BRF:8
BRH:7
end_of_record
TN:
SF:/Users/jarno/Projects/nft-share-platform-contracts/contracts/EndorseTokenBeacon.sol
FN:18,constructor
FN:24,update
FN:29,implementation
FNF:3
FNH:3
FNDA:27,constructor
FNDA:1,update
FNDA:2,implementation
DA:19,27
DA:20,27
DA:21,27
DA:25,1
DA:26,1
DA:30,2
LF:6
LH:6
BRF:0
BRH:0
end_of_record
TN:
SF:/Users/jarno/Projects/nft-share-platform-contracts/contracts/Helpers.sol
FNF:0
FNH:0
LF:0
LH:0
BRF:0
BRH:0
end_of_record
TN:
SF:/Users/jarno/Projects/nft-share-platform-contracts/contracts/LikeERC721.sol
FN:45,initialize
FN:52,addOperator
FN:56,removeOperator
FN:60,addAdmin
FN:64,removeAdmin
FN:68,supportsInterface
FN:72,setProjectAddress
FN:77,getProjectAddress
FN:81,hasLikedContribution
FN:85,burn
FN:91,mint
FN:107,tokenURI
FN:113,transferFrom
FN:121,safeTransferFrom
FN:129,safeTransferFrom
FNF:15
FNH:10
FNDA:71,initialize
FNDA:0,addOperator
FNDA:0,removeOperator
FNDA:0,addAdmin
FNDA:0,removeAdmin
FNDA:0,supportsInterface
FNDA:22,setProjectAddress
FNDA:1,getProjectAddress
FNDA:3,hasLikedContribution
FNDA:2,burn
FNDA:13,mint
FNDA:2,tokenURI
FNDA:1,transferFrom
FNDA:1,safeTransferFrom
FNDA:1,safeTransferFrom
DA:46,71
DA:47,71
DA:48,71
DA:49,71
DA:53,0
DA:57,0
DA:61,0
DA:65,0
DA:69,0
DA:73,22
DA:74,22
DA:78,1
DA:82,3
DA:86,2
DA:87,1
DA:88,1
DA:95,13
DA:96,12
DA:98,11
DA:99,11
DA:100,11
DA:102,11
DA:103,11
DA:104,11
DA:108,2
DA:110,2
DA:118,1
DA:126,1
DA:135,1
LF:29
LH:24
BRDA:86,1,0,1
BRDA:86,1,1,1
BRDA:95,2,0,12
BRDA:95,2,1,1
BRDA:96,3,0,11
BRDA:96,3,1,1
BRF:6
BRH:6
end_of_record
TN:
SF:/Users/jarno/Projects/nft-share-platform-contracts/contracts/LikeTokenBeacon.sol
FN:19,constructor
FN:25,update
FN:30,implementation
FNF:3
FNH:3
FNDA:27,constructor
FNDA:1,update
FNDA:2,implementation
DA:20,27
DA:21,27
DA:22,27
DA:26,1
DA:27,1
DA:31,2
LF:6
LH:6
BRF:0
BRH:0
end_of_record
TN:
SF:/Users/jarno/Projects/nft-share-platform-contracts/contracts/ShareableERC721.sol
FN:21,getIndex
FN:25,initialize
FN:43,addOperator
FN:47,removeOperator
FN:51,addAdmin
FN:55,removeAdmin
FN:60,supportsInterface
FN:74,mint
FN:80,setBaseURI
FN:86,_baseURI
FN:91,share
FN:108,transferFrom
FN:116,safeTransferFrom
FN:124,safeTransferFrom
FN:133,tokenExists
FNF:15
FNH:13
FNDA:0,getIndex
FNDA:105,initialize
FNDA:2,addOperator
FNDA:1,removeOperator
FNDA:3,addAdmin
FNDA:1,removeAdmin
FNDA:0,supportsInterface
FNDA:52,mint
FNDA:32,setBaseURI
FNDA:6,_baseURI
FNDA:3,share
FNDA:1,transferFrom
FNDA:1,safeTransferFrom
FNDA:1,safeTransferFrom
FNDA:26,tokenExists
DA:22,0
DA:29,105
DA:30,105
DA:31,105
DA:32,105
DA:44,2
DA:48,1
DA:52,3
DA:56,1
DA:61,0
DA:75,52
DA:76,52
DA:77,52
DA:82,32
DA:83,32
DA:87,6
DA:92,3
DA:94,3
DA:96,3
DA:98,1
DA:100,1
DA:102,1
DA:113,1
DA:121,1
DA:130,1
DA:134,26
LF:26
LH:24
BRDA:92,1,0,3
BRDA:92,1,1,0
BRDA:94,2,0,3
BRDA:94,2,1,0
BRDA:96,3,0,1
BRDA:96,3,1,2
BRF:6
BRH:4
end_of_record
TN:
SF:/Users/jarno/Projects/nft-share-platform-contracts/contracts/ShareableERC721v2Test.sol
FN:21,getIndex
FN:25,initialize
FN:43,addOperator
FN:47,removeOperator
FN:51,addAdmin
FN:55,removeAdmin
FN:60,supportsInterface
FN:74,mint
FN:80,setBaseURI
FN:86,_baseURI
FN:91,share
FN:108,transferFrom
FN:116,safeTransferFrom
FN:124,safeTransferFrom
FN:133,tokenExists
FN:137,getIndex2
FNF:16
FNH:3
FNDA:1,getIndex
FNDA:0,initialize
FNDA:0,addOperator
FNDA:0,removeOperator
FNDA:0,addAdmin
FNDA:0,removeAdmin
FNDA:0,supportsInterface
FNDA:1,mint
FNDA:0,setBaseURI
FNDA:0,_baseURI
FNDA:0,share
FNDA:0,transferFrom
FNDA:0,safeTransferFrom
FNDA:0,safeTransferFrom
FNDA:0,tokenExists
FNDA:1,getIndex2
DA:22,1
DA:29,0
DA:30,0
DA:31,0
DA:32,0
DA:44,0
DA:48,0
DA:52,0
DA:56,0
DA:61,0
DA:75,1
DA:76,1
DA:77,1
DA:82,0
DA:83,0
DA:87,0
DA:92,0
DA:94,0
DA:96,0
DA:98,0
DA:100,0
DA:102,0
DA:113,0
DA:121,0
DA:130,0
DA:134,0
DA:138,1
LF:27
LH:5
BRDA:92,1,0,0
BRDA:92,1,1,0
BRDA:94,2,0,0
BRDA:94,2,1,0
BRDA:96,3,0,0
BRDA:96,3,1,0
BRF:6
BRH:0
end_of_record
TN:
SF:/Users/jarno/Projects/nft-share-platform-contracts/contracts/ShareableTokenBeacon.sol
FN:23,constructor
FN:31,update
FN:37,implementation
FNF:3
FNH:3
FNDA:27,constructor
FNDA:2,update
FNDA:26,implementation
DA:25,27
DA:26,27
DA:27,27
DA:33,2
DA:34,2
DA:38,26
LF:6
LH:6
BRF:0
BRH:0
end_of_record
TN:
SF:/Users/jarno/Projects/nft-share-platform-contracts/contracts/TalkoAllTokensBeacon.sol
FN:22,constructor
FN:31,updateShareableToken
FN:36,updateLikeTokenBeacon
FN:41,updateEndorseTokenBeacon
FN:46,implementationShareableToken
FN:50,implementationLikeToken
FN:54,implementationEndorsementToken
FNF:7
FNH:0
FNDA:0,constructor
FNDA:0,updateShareableToken
FNDA:0,updateLikeTokenBeacon
FNDA:0,updateEndorseTokenBeacon
FNDA:0,implementationShareableToken
FNDA:0,implementationLikeToken
FNDA:0,implementationEndorsementToken
DA:23,0
DA:24,0
DA:25,0
DA:26,0
DA:27,0
DA:28,0
DA:32,0
DA:33,0
DA:37,0
DA:38,0
DA:42,0
DA:43,0
DA:47,0
DA:51,0
DA:55,0
LF:15
LH:0
BRF:0
BRH:0
end_of_record
TN:
SF:/Users/jarno/Projects/nft-share-platform-contracts/contracts/TalkoFactory.sol
FN:37,constructor
FN:46,SBeaconAddress
FN:50,LBeaconAddress
FN:54,EBeaconAddress
FN:60,createSProxy
FN:77,createLProxy
FN:88,createEProxy
FNF:7
FNH:3
FNDA:12,constructor
FNDA:1,SBeaconAddress
FNDA:0,LBeaconAddress
FNDA:0,EBeaconAddress
FNDA:4,createSProxy
FNDA:0,createLProxy
FNDA:0,createEProxy
DA:39,12
DA:40,12
DA:41,12
DA:42,12
DA:47,1
DA:51,0
DA:55,0
DA:66,4
DA:71,4
DA:73,4
DA:74,4
DA:78,0
DA:82,0
DA:84,0
DA:85,0
DA:89,0
DA:93,0
DA:95,0
DA:96,0
LF:19
LH:9
BRF:0
BRH:0
end_of_record
